f3a7b8d921c4e50f 5d98a83beaecfe45 1 || d8f05c2ffe0f07b5 || d8f05c2ffe0f07b5 1
92e6d1f8b405a37c 5d98a83beaecfe45 1 || c3fe989372cbfd24 || c3fe989372cbfd24 1
6be98d5a0fc21d4e 5d98a83beaecfe45 1 || 87e7c19bcbedbe69 || 87e7c19bcbedbe69 1
ccfe44fad9c2c97c 5d98a83beaecfe45 1 || 071035b44b5d387b || 071035b44b5d387b 1
cae2160733575ba6 5d98a83beaecfe45 1 || 7763aa1a5aeeffb6 || 7763aa1a5aeeffb6 1
81c42e8b5e1fb009 5d98a83beaecfe45 1 || 68b88edea4bf46a1 || 68b88edea4bf46a1 1
48af1c32d79e65b0 5d98a83beaecfe45 1 || 942b4421b75535d4 || 942b4421b75535d4 1
3d672e9f8ca15b74 5d98a83beaecfe45 1 || 34da033f5c31b5ec || 34da033f5c31b5ec 1
7fc92a3e6d815fbc 5d98a83beaecfe45 1 || b913101eb98038b8 || b913101eb98038b8 1
8952a8230acdb058 5d98a83beaecfe45 1 || 2f0ad8bb5b6bf344 || 2f0ad8bb5b6bf344 1
4d61bc1111accb15 5d98a83beaecfe45 1 || fca94b7217e2afb7 || fca94b7217e2afb7 1
c298e79e4f6faca5 5d98a83beaecfe45 1 || 40776e6484423ff5 || 40776e6484423ff5 1
0011223344556677 5d98a83beaecfe45 1 || 7ebedfc8f300cec0 || 7ebedfc8f300cec0 1
8899aabbccddeeff 5d98a83beaecfe45 0 || fa28281aa2128166 || fa28281aa2128166 1
1122334455667788 5d98a83beaecfe45 0 || 8471c402a60ac577 || 8471c402a60ac577 1
fedcba9876543210 5d98a83beaecfe45 0 || 9226af484ef4905b || 9226af484ef4905b 1
0000000000000000 5d98a83beaecfe45 0 || 83f68d9f821bf9b0 || 83f68d9f821bf9b0 1
ffffffffffffffff 5d98a83beaecfe45 0 || 4763772ad56c3e06 || 4763772ad56c3e06 1
123456789abcdef0 5d98a83beaecfe45 0 || 7bdda5b9f52f7fc7 || 7bdda5b9f52f7fc7 1
f0e1d2c3b4a59687 5d98a83beaecfe45 0 || 4ef199b8125b5e83 || 4ef199b8125b5e83 1
deadbeefcafebabe 5d98a83beaecfe45 0 || 858bedf79cb2602e || 858bedf79cb2602e 1
5a5a5a5a5a5a5a5a 5d98a83beaecfe45 0 || 2218de2f6633f6bb || 2218de2f6633f6bb 1
abcdefabcdefabcd 5d98a83beaecfe45 0 || 7743a0114d204d7d || 7743a0114d204d7d 1
7777777777777777 5d98a83beaecfe45 0 || fc69c61d409246e5 || fc69c61d409246e5 1
8888888888888888 5d98a83beaecfe45 0 || df9b6e562c3e66b9 || df9b6e562c3e66b9 1
1111111111111111 8cd93d0e92e9b538 0 || 1b95769d3ce24bec || 1b95769d3ce24bec 1
3333333333333333 8cd93d0e92e9b538 1 || 4a56b5f10e7575fb || 4a56b5f10e7575fb 1
4444444444444444 8cd93d0e92e9b538 1 || 4f086151d86cf9b9 || 4f086151d86cf9b9 1
5555555555555555 8cd93d0e92e9b538 1 || c10cd50a2a46e255 || c10cd50a2a46e255 1
6666666666666666 8cd93d0e92e9b538 1 || a02d6dc436a12fd2 || a02d6dc436a12fd2 1
9999999999999999 8cd93d0e92e9b538 1 || 2541432b13ec5956 || 2541432b13ec5956 1
c0ffeec0ffeec0ff 8cd93d0e92e9b538 1 || 7ae695a1275befc7 || 7ae695a1275befc7 1
f0f0f0f0f0f0f0f0 8cd93d0e92e9b538 1 || aac8f03abfa81c5e || aac8f03abfa81c5e 1
0f0f0f0f0f0f0f0f 8cd93d0e92e9b538 1 || 037cb4cec7b719d9 || 037cb4cec7b719d9 1
deaddeaddeaddead 8cd93d0e92e9b538 1 || 38bd3a8f5d0d1f4a || 38bd3a8f5d0d1f4a 1
ffffffffffff0000 8cd93d0e92e9b538 1 || f014bc557e8340b6 || f014bc557e8340b6 1
0123456789abcdef 8cd93d0e92e9b538 1 || b5402a30d24bd1fa || b5402a30d24bd1fa 1
fedcba0987654321 8cd93d0e92e9b538 1 || d97093d751b6fab5 || d97093d751b6fab5 1
a5a5a5a5a5a5a5a5 8cd93d0e92e9b538 1 || 6c13a65be97c9915 || 6c13a65be97c9915 1
a0a0a0a0a0a0a0a0 8cd93d0e92e9b538 0 || 5d250c162487be9d || 5d250c162487be9d 1
b0b0b0b0b0b0b0b0 8cd93d0e92e9b538 0 || 480168b6b74ca45e || 480168b6b74ca45e 1
d0d0d0d0d0d0d0d0 8cd93d0e92e9b538 0 || c300cfd5b1b0eab2 || c300cfd5b1b0eab2 1
e0e0e0e0e0e0e0e0 8cd93d0e92e9b538 0 || c016e8e986a362e3 || c016e8e986a362e3 1
8888888888880000 8cd93d0e92e9b538 0 || f9204126bd5c43d6 || f9204126bd5c43d6 1
9999999999990000 8cd93d0e92e9b538 0 || 316e2568dfeabcaa || 316e2568dfeabcaa 1
deaddeaddead0000 8cd93d0e92e9b538 0 || 7b6a7ec7b57e94c6 || 7b6a7ec7b57e94c6 1
abcd1234abcd0000 8cd93d0e92e9b538 0 || cd675b56a74ec297 || cd675b56a74ec297 1
4b6579696e4b6579 8cd93d0e92e9b538 0 || 080598b9a0c32f49 || 080598b9a0c32f49 1
2e6d792073656372 8cd93d0e92e9b538 0 || 5271372125ac9613 || 5271372125ac9613 1
3c1a8f64b39e7d2a 8cd93d0e92e9b538 0 || d69311f218d6b83e || d69311f218d6b83e 1
e9c3456a2f1d87b0 8cd93d0e92e9b538 0 || 820631f08abc22b2 || 820631f08abc22b2 1
5f0e9b3d2c8a1764 8cd93d0e92e9b538 0 || b8e06616c55d4d42 || b8e06616c55d4d42 1
